Removed Pin From Net: NetName=NetR7_1 Pin=R7-1
Removed Pin From Net: NetName=IO52 Pin=R7-2
Removed Pin From Net: NetName=IO51 Pin=R8-1
Removed Pin From Net: NetName=NetR8_2 Pin=R8-2
Removed Pin From Net: NetName=NetR9_1 Pin=R9-1
Removed Pin From Net: NetName=IO53 Pin=R9-2
Removed Pin From Net: NetName=GND Pin=R10-1
Removed Pin From Net: NetName=NetR7_1 Pin=R10-2
Removed Pin From Net: NetName=GND Pin=R11-1
Removed Pin From Net: NetName=NetR8_2 Pin=R11-2
Removed Pin From Net: NetName=GND Pin=R12-1
Removed Pin From Net: NetName=NetR9_1 Pin=R12-2
Removed Member From Class: ClassName=AdruinoMegaSheild Member=R7
Removed Member From Class: ClassName=AdruinoMegaSheild Member=R8
Removed Member From Class: ClassName=AdruinoMegaSheild Member=R9
Removed Member From Class: ClassName=AdruinoMegaSheild Member=R10
Removed Member From Class: ClassName=AdruinoMegaSheild Member=R11
Removed Member From Class: ClassName=AdruinoMegaSheild Member=R12
Added Component: Designator=C5(RAD-0.2)
Added Component: Designator=U3(DIP16)
Added Pin To Net: NetName=GND Pin=C5-1
Added Pin To Net: NetName=3V3 Pin=C5-2
Change Net Name : Old Net Name=NetR7_1 New Net Name=NetU2_5
Change Net Name : Old Net Name=NetR8_2 New Net Name=NetU2_3
Change Net Name : Old Net Name=NetR9_1 New Net Name=NetU2_2
Added Member To Class: ClassName=AdruinoMegaSheild Member=Component C5 Cap
Added Member To Class: ClassName=AdruinoMegaSheild Member=Component U3 CD4050
