Removed Pin From Net: NetName=SCL Pin=P4-1
Removed Pin From Net: NetName=SDA Pin=P4-2
Change Component Footprint: Designator=C3 Old Footprint=C1206 New Footprint=RAD-0.2
Added Component: Designator=Q1(TO-220AB)
Added Component: Designator=Q2(TO-220AB)
Added Component: Designator=R1(AXIAL-0.4)
Added Component: Designator=R2(AXIAL-0.4)
Added Component: Designator=R7(AXIAL-0.4)
Added Component: Designator=R8(AXIAL-0.4)
Added Pin To Net: NetName=3V3 Pin=Q1-1
Added Pin To Net: NetName=SDA Pin=Q1-2
Added Pin To Net: NetName=3V3 Pin=Q2-1
Added Pin To Net: NetName=SCL Pin=Q2-2
Added Pin To Net: NetName=3V3 Pin=R1-2
Added Pin To Net: NetName=SDA Pin=R2-1
Added Pin To Net: NetName=5V Pin=R2-2
Added Pin To Net: NetName=3V3 Pin=R7-2
Added Pin To Net: NetName=SCL Pin=R8-1
Added Pin To Net: NetName=5V Pin=R8-2
Added Pin To Net: NetName=NetP4_1 Pin=P4-1
Added Pin To Net: NetName=NetP4_1 Pin=Q2-3
Added Pin To Net: NetName=NetP4_1 Pin=R7-1
Added Net: Name=NetP4_1
Added Pin To Net: NetName=NetP4_2 Pin=P4-2
Added Pin To Net: NetName=NetP4_2 Pin=Q1-3
Added Pin To Net: NetName=NetP4_2 Pin=R1-1
Added Net: Name=NetP4_2
Added Member To Class: ClassName=AdruinoMegaSheild Member=Component Q1 NMOS-2
Added Member To Class: ClassName=AdruinoMegaSheild Member=Component Q2 NMOS-2
Added Member To Class: ClassName=AdruinoMegaSheild Member=Component R1 Res1
Added Member To Class: ClassName=AdruinoMegaSheild Member=Component R2 Res1
Added Member To Class: ClassName=AdruinoMegaSheild Member=Component R7 Res1
Added Member To Class: ClassName=AdruinoMegaSheild Member=Component R8 Res1
